<?xml version="1.0" encoding="UTF-8"?>
<testng-results skipped="0" failed="0" ignored="0" total="1" passed="1">
  <reporter-output>
  </reporter-output>
  <suite name="Suite" duration-ms="32785" started-at="2021-09-26T09:47:38 IST" finished-at="2021-09-26T09:48:11 IST">
    <groups>
    </groups>
    <test name="Test" duration-ms="32785" started-at="2021-09-26T09:47:38 IST" finished-at="2021-09-26T09:48:11 IST">
      <class name="AbcPackage.Passtest">
        <test-method status="PASS" signature="Extentconfig()[pri:0, instance:AbcPackage.Passtest@5b87ed94]" name="Extentconfig" is-config="true" duration-ms="1143" started-at="2021-09-26T09:47:38 IST" finished-at="2021-09-26T09:47:39 IST">
          <reporter-output>
          </reporter-output>
        </test-method> <!-- Extentconfig -->
        <test-method status="PASS" signature="Test1()[pri:0, instance:AbcPackage.Passtest@5b87ed94]" name="Test1" duration-ms="31575" started-at="2021-09-26T09:47:39 IST" finished-at="2021-09-26T09:48:11 IST">
          <reporter-output>
          </reporter-output>
        </test-method> <!-- Test1 -->
      </class> <!-- AbcPackage.Passtest -->
    </test> <!-- Test -->
  </suite> <!-- Suite -->
</testng-results>
