<?xml version="1.0" encoding="UTF-8"?>
<testng-results ignored="0" total="1" passed="1" failed="0" skipped="0">
  <reporter-output>
  </reporter-output>
  <suite started-at="2021-09-26T10:10:44 IST" name="Default suite" finished-at="2021-09-26T10:11:52 IST" duration-ms="68380">
    <groups>
    </groups>
    <test started-at="2021-09-26T10:10:44 IST" name="Default test" finished-at="2021-09-26T10:11:52 IST" duration-ms="68380">
      <class name="AbcPackage.Passtest">
        <test-method is-config="true" signature="Extentconfig()[pri:0, instance:AbcPackage.Passtest@69997e9d]" started-at="2021-09-26T10:10:44 IST" name="Extentconfig" finished-at="2021-09-26T10:10:44 IST" duration-ms="397" status="PASS">
          <reporter-output>
          </reporter-output>
        </test-method> <!-- Extentconfig -->
        <test-method signature="Test1()[pri:0, instance:AbcPackage.Passtest@69997e9d]" started-at="2021-09-26T10:10:44 IST" name="Test1" finished-at="2021-09-26T10:11:52 IST" duration-ms="67927" status="PASS">
          <reporter-output>
          </reporter-output>
        </test-method> <!-- Test1 -->
      </class> <!-- AbcPackage.Passtest -->
    </test> <!-- Default test -->
  </suite> <!-- Default suite -->
</testng-results>
