<?xml version="1.0" encoding="UTF-8"?>
<testng-results ignored="0" total="1" passed="1" failed="0" skipped="0">
  <reporter-output>
  </reporter-output>
  <suite started-at="2021-09-26T09:34:22 IST" name="Suite" finished-at="2021-09-26T09:34:42 IST" duration-ms="20111">
    <groups>
    </groups>
    <test started-at="2021-09-26T09:34:22 IST" name="Test" finished-at="2021-09-26T09:34:42 IST" duration-ms="20111">
      <class name="AbcPackage.Passtest">
        <test-method is-config="true" signature="Extentconfig()[pri:0, instance:AbcPackage.Passtest@6bedbc4d]" started-at="2021-09-26T09:34:22 IST" name="Extentconfig" finished-at="2021-09-26T09:34:23 IST" duration-ms="412" status="PASS">
          <reporter-output>
          </reporter-output>
        </test-method> <!-- Extentconfig -->
        <test-method signature="Test1()[pri:0, instance:AbcPackage.Passtest@6bedbc4d]" started-at="2021-09-26T09:34:23 IST" name="Test1" finished-at="2021-09-26T09:34:42 IST" duration-ms="19641" status="PASS">
          <reporter-output>
          </reporter-output>
        </test-method> <!-- Test1 -->
      </class> <!-- AbcPackage.Passtest -->
    </test> <!-- Test -->
  </suite> <!-- Suite -->
</testng-results>
